randompicker/build/outputs/mapping/release/seeds.txt
com.basicapp.randompicker.MainActivity
com.basicapp.randompicker.MainActivity: MainActivity()
com.basicapp.randompicker.R$anim: int abc_fade_in
com.basicapp.randompicker.R$anim: int abc_fade_out
com.basicapp.randompicker.R$anim: int abc_grow_fade_in_from_bottom
com.basicapp.randompicker.R$anim: int abc_popup_enter
com.basicapp.randompicker.R$anim: int abc_popup_exit
com.basicapp.randompicker.R$anim: int abc_shrink_fade_out_from_bottom
com.basicapp.randompicker.R$anim: int abc_slide_in_bottom
com.basicapp.randompicker.R$anim: int abc_slide_in_top
com.basicapp.randompicker.R$anim: int abc_slide_out_bottom
com.basicapp.randompicker.R$anim: int abc_slide_out_top
com.basicapp.randompicker.R$anim: int abc_tooltip_enter
com.basicapp.randompicker.R$anim: int abc_tooltip_exit
com.basicapp.randompicker.R$attr: int actionBarDivider
com.basicapp.randompicker.R$attr: int actionBarItemBackground
com.basicapp.randompicker.R$attr: int actionBarPopupTheme
com.basicapp.randompicker.R$attr: int actionBarSize
com.basicapp.randompicker.R$attr: int actionBarSplitStyle
com.basicapp.randompicker.R$attr: int actionBarStyle
com.basicapp.randompicker.R$attr: int actionBarTabBarStyle
com.basicapp.randompicker.R$attr: int actionBarTabStyle
com.basicapp.randompicker.R$attr: int actionBarTabTextStyle
com.basicapp.randompicker.R$attr: int actionBarTheme
com.basicapp.randompicker.R$attr: int actionBarWidgetTheme
com.basicapp.randompicker.R$attr: int actionButtonStyle
com.basicapp.randompicker.R$attr: int actionDropDownStyle
com.basicapp.randompicker.R$attr: int actionLayout
com.basicapp.randompicker.R$attr: int actionMenuTextAppearance
com.basicapp.randompicker.R$attr: int actionMenuTextColor
com.basicapp.randompicker.R$attr: int actionModeBackground
com.basicapp.randompicker.R$attr: int actionModeCloseButtonStyle
com.basicapp.randompicker.R$attr: int actionModeCloseDrawable
com.basicapp.randompicker.R$attr: int actionModeCopyDrawable
com.basicapp.randompicker.R$attr: int actionModeCutDrawable
com.basicapp.randompicker.R$attr: int actionModeFindDrawable
com.basicapp.randompicker.R$attr: int actionModePasteDrawable
com.basicapp.randompicker.R$attr: int actionModePopupWindowStyle
com.basicapp.randompicker.R$attr: int actionModeSelectAllDrawable
com.basicapp.randompicker.R$bool: int abc_action_bar_embed_tabs
com.basicapp.randompicker.R$bool: int abc_allow_stacked_button_bar
com.basicapp.randompicker.R$bool: int abc_config_actionMenuItemAllCaps
com.basicapp.randompicker.R$color: int abc_background_cache_hint_selector_material_dark
com.basicapp.randompicker.R$color: int abc_background_cache_hint_selector_material_light
com.basicapp.randompicker.R$color: int abc_btn_colored_borderless_text_material
com.basicapp.randompicker.R$color: int abc_btn_colored_text_material
com.basicapp.randompicker.R$color: int abc_color_highlight_material
com.basicapp.randompicker.R$color: int abc_hint_foreground_material_dark
com.basicapp.randompicker.R$color: int abc_hint_foreground_material_light
com.basicapp.randompicker.R$color: int abc_input_method_navigation_guard
com.basicapp.randompicker.R$color: int abc_primary_text_disable_only_material_dark
com.basicapp.randompicker.R$color: int abc_primary_text_disable_only_material_light
com.basicapp.randompicker.R$color: int abc_primary_text_material_dark
com.basicapp.randompicker.R$color: int abc_primary_text_material_light
com.basicapp.randompicker.R$color: int abc_search_url_text
com.basicapp.randompicker.R$color: int abc_search_url_text_normal
com.basicapp.randompicker.R$color: int abc_search_url_text_pressed
com.basicapp.randompicker.R$color: int abc_search_url_text_selected
com.basicapp.randompicker.R$color: int abc_secondary_text_material_dark
com.basicapp.randompicker.R$color: int abc_secondary_text_material_light
com.basicapp.randompicker.R$color: int abc_tint_btn_checkable
com.basicapp.randompicker.R$color: int abc_tint_default
...
android.support.v7.widget.AppCompatCheckedTextView: void setCheckMarkDrawable(int)
android.support.v7.widget.AppCompatCheckedTextView: void setCustomSelectionActionModeCallback(android.view.ActionMode$Callback)
android.support.v7.widget.AppCompatEditText: android.text.Editable getText()
android.support.v7.widget.AppCompatEditText: void setBackgroundResource(int)
android.support.v7.widget.AppCompatEditText: void setBackgroundDrawable(android.graphics.drawable.Drawable)
android.support.v7.widget.AppCompatEditText: void setSupportBackgroundTintList(android.content.res.ColorStateList)
android.support.v7.widget.AppCompatEditText: android.content.res.ColorStateList getSupportBackgroundTintList()
android.support.v7.widget.AppCompatEditText: void setSupportBackgroundTintMode(android.graphics.PorterDuff$Mode)
android.support.v7.widget.AppCompatEditText: android.graphics.PorterDuff$Mode getSupportBackgroundTintMode()
android.support.v7.widget.AppCompatEditText: void setCustomSelectionActionModeCallback(android.view.ActionMode$Callback)
android.support.v7.widget.AppCompatEditText: java.lang.CharSequence getText()
android.support.v7.widget.AppCompatImageButton: void setImageResource(int)
android.support.v7.widget.AppCompatImageButton: void setImageDrawable(android.graphics.drawable.Drawable)
android.support.v7.widget.AppCompatImageButton: void setImageBitmap(android.graphics.Bitmap)
android.support.v7.widget.AppCompatImageButton: void setImageURI(android.net.Uri)
android.support.v7.widget.AppCompatImageButton: void setBackgroundResource(int)
android.support.v7.widget.AppCompatImageButton: void setBackgroundDrawable(android.graphics.drawable.Drawable)
android.support.v7.widget.AppCompatImageButton: void setSupportBackgroundTintList(android.content.res.ColorStateList)
android.support.v7.widget.AppCompatImageButton: android.content.res.ColorStateList getSupportBackgroundTintList()
android.support.v7.widget.AppCompatImageButton: void setSupportBackgroundTintMode(android.graphics.PorterDuff$Mode)
android.support.v7.widget.AppCompatImageButton: android.graphics.PorterDuff$Mode getSupportBackgroundTintMode()
android.support.v7.widget.AppCompatImageButton: void setSupportImageTintList(android.content.res.ColorStateList)
android.support.v7.widget.AppCompatImageButton: android.content.res.ColorStateList getSupportImageTintList()
android.support.v7.widget.AppCompatImageButton: void setSupportImageTintMode(android.graphics.PorterDuff$Mode)
android.support.v7.widget.AppCompatImageButton: android.graphics.PorterDuff$Mode getSupportImageTintMode()
android.support.v7.widget.AppCompatImageView: void setImageResource(int)
android.support.v7.widget.AppCompatImageView: void setImageDrawable(android.graphics.drawable.Drawable)
android.support.v7.widget.AppCompatImageView: void setImageBitmap(android.graphics.Bitmap)
android.support.v7.widget.AppCompatImageView: void setImageURI(android.net.Uri)
android.support.v7.widget.AppCompatImageView: void setBackgroundResource(int)
android.support.v7.widget.AppCompatImageView: void setBackgroundDrawable(android.graphics.drawable.Drawable)
android.support.v7.widget.AppCompatImageView: void setSupportBackgroundTintList(android.content.res.ColorStateList)
android.support.v7.widget.AppCompatImageView: android.content.res.ColorStateList getSupportBackgroundTintList()
android.support.v7.widget.AppCompatImageView: void setSupportBackgroundTintMode(android.graphics.PorterDuff$Mode)
android.support.v7.widget.AppCompatImageView: android.graphics.PorterDuff$Mode getSupportBackgroundTintMode()
android.support.v7.widget.AppCompatImageView: void setSupportImageTintList(android.content.res.ColorStateList)
android.support.v7.widget.AppCompatImageView: android.content.res.ColorStateList getSupportImageTintList()
android.support.v7.widget.AppCompatImageView: void setSupportImageTintMode(android.graphics.PorterDuff$Mode)
android.support.v7.widget.AppCompatImageView: android.graphics.PorterDuff$Mode getSupportImageTintMode()