randompicker/build/outputs/mapping/release/mapping.txt
com.basicapp.randompicker.MainActivity -> com.basicapp.randompicker.MainActivity:
    kotlin.reflect.KProperty[] $$delegatedProperties -> j
    kotlin.Lazy clipboard$delegate -> k
    kotlin.Lazy cr$delegate -> l
    kotlin.Lazy numpad$delegate -> m
    void <clinit>() -> <clinit>
    android.content.ClipboardManager getClipboard() -> k
    android.content.ContentResolver getCr() -> l
    android.inputmethodservice.KeyboardView getNumpad() -> m
    void showNumpad() -> n
    void onCreate(android.os.Bundle) -> onCreate
    void onStart() -> onStart
    void onRestart() -> onRestart
    void onResume() -> onResume
    void onPause() -> onPause
    void onStop() -> onStop
    void onDestroy() -> onDestroy
    void <init>() -> <init>
    void access$showNumpad(com.basicapp.randompicker.MainActivity) -> a
    android.content.ClipboardManager access$getClipboard$p(com.basicapp.randompicker.MainActivity) -> b
    android.content.ContentResolver access$getCr$p(com.basicapp.randompicker.MainActivity) -> c
com.basicapp.randompicker.MainActivity$clipboard$2 -> com.basicapp.randompicker.MainActivity$a:
    com.basicapp.randompicker.MainActivity this$0 -> a
    java.lang.Object invoke() -> a
    android.content.ClipboardManager invoke() -> b
    void <init>(com.basicapp.randompicker.MainActivity) -> <init>
com.basicapp.randompicker.MainActivity$cr$2 -> com.basicapp.randompicker.MainActivity$b:
    com.basicapp.randompicker.MainActivity this$0 -> a
    java.lang.Object invoke() -> a
    android.content.ContentResolver invoke() -> b
    void <init>(com.basicapp.randompicker.MainActivity) -> <init>
com.basicapp.randompicker.MainActivity$numpad$2 -> com.basicapp.randompicker.MainActivity$c:
    com.basicapp.randompicker.MainActivity this$0 -> a
    java.lang.Object invoke() -> a
    android.inputmethodservice.KeyboardView invoke() -> b
    void <init>(com.basicapp.randompicker.MainActivity) -> <init>
com.basicapp.randompicker.MainActivity$numpad$2$1 -> com.basicapp.randompicker.MainActivity$c$1:
    com.basicapp.randompicker.MainActivity$numpad$2 this$0 -> a
    void onKey(int,int[]) -> onKey
    void onPress(int) -> onPress
    void onRelease(int) -> onRelease
    void onText(java.lang.CharSequence) -> onText
    void swipeDown() -> swipeDown
    void swipeLeft() -> swipeLeft
    void swipeRight() -> swipeRight
    void swipeUp() -> swipeUp
    void <init>(com.basicapp.randompicker.MainActivity$numpad$2) -> <init>
com.basicapp.randompicker.MainActivity$onCreate$1 -> com.basicapp.randompicker.MainActivity$d:
    com.basicapp.randompicker.MainActivity this$0 -> a
    void onClick(android.view.View) -> onClick
    void <init>(com.basicapp.randompicker.MainActivity) -> <init>
com.basicapp.randompicker.MainActivity$onCreate$2 -> com.basicapp.randompicker.MainActivity$e:
    com.basicapp.randompicker.MainActivity this$0 -> a
    void onClick(android.view.View) -> onClick
    void <init>(com.basicapp.randompicker.MainActivity) -> <init>
com.basicapp.randompicker.MainActivity$onCreate$3 -> com.basicapp.randompicker.MainActivity$f:
    com.basicapp.randompicker.MainActivity this$0 -> a
    android.widget.TextView $input1 -> b
    android.widget.Button $button1 -> c
    void onClick(android.view.View) -> onClick
    void <init>(com.basicapp.randompicker.MainActivity,android.widget.TextView,android.widget.Button) -> <init>
com.basicapp.randompicker.MainActivity$onCreate$4 -> com.basicapp.randompicker.MainActivity$g:
    com.basicapp.randompicker.MainActivity this$0 -> a
    android.widget.TextView $input2 -> b
    android.widget.Button $button2 -> c
    void onClick(android.view.View) -> onClick
    void <init>(com.basicapp.randompicker.MainActivity,android.widget.TextView,android.widget.Button) -> <init>
...
android.support.v7.widget.ActionBarContextView -> android.support.v7.widget.ActionBarContextView:
    java.lang.CharSequence mTitle -> g
    java.lang.CharSequence mSubtitle -> h
    android.view.View mClose -> i
    android.view.View mCustomView -> j
    android.widget.LinearLayout mTitleLayout -> k
    android.widget.TextView mTitleView -> l
    android.widget.TextView mSubtitleView -> m
    int mTitleStyleRes -> n
    int mSubtitleStyleRes -> o
    boolean mTitleOptional -> p
    int mCloseItemLayout -> q
    void <init>(android.content.Context) -> <init>
    void <init>(android.content.Context,android.util.AttributeSet) -> <init>
    void <init>(android.content.Context,android.util.AttributeSet,int) -> <init>
    void onDetachedFromWindow() -> onDetachedFromWindow
    void setContentHeight(int) -> setContentHeight
    void setCustomView(android.view.View) -> setCustomView
    void setTitle(java.lang.CharSequence) -> setTitle
    void setSubtitle(java.lang.CharSequence) -> setSubtitle
    java.lang.CharSequence getTitle() -> getTitle
    java.lang.CharSequence getSubtitle() -> getSubtitle
    void initTitle() -> e
    void initForMode(android.support.v7.view.ActionMode) -> a
    void closeMode() -> b
    void killMode() -> c
    boolean showOverflowMenu() -> a
    android.view.ViewGroup$LayoutParams generateDefaultLayoutParams() -> generateDefaultLayoutParams
    android.view.ViewGroup$LayoutParams generateLayoutParams(android.util.AttributeSet) -> generateLayoutParams
android.support.v7.widget.ActionBarContextView$1 -> android.support.v7.widget.ActionBarContextView$1:
    android.support.v7.view.ActionMode val$mode -> a
    android.support.v7.widget.ActionBarContextView this$0 -> b
    void <init>(android.support.v7.widget.ActionBarContextView,android.support.v7.view.ActionMode) -> <init>
    void onClick(android.view.View) -> onClick
android.support.v7.widget.ActionBarOverlayLayout -> android.support.v7.widget.ActionBarOverlayLayout:
    int mActionBarHeight -> f
    int mWindowVisibility -> g
    android.support.v7.widget.ContentFrameLayout mContent -> h
    android.support.v7.widget.ActionBarContainer mActionBarTop -> a
    android.support.v7.widget.DecorToolbar mDecorToolbar -> i
    android.graphics.drawable.Drawable mWindowContentOverlay -> j
    boolean mIgnoreWindowContentOverlay -> k
    boolean mOverlayMode -> l
    boolean mHasNonEmbeddedTabs -> m
    boolean mHideOnContentScroll -> n
    boolean mAnimatingForFling -> b
    int mHideOnContentScrollReference -> o
    int mLastSystemUiVisibility -> p
    android.graphics.Rect mBaseContentInsets -> q
    android.graphics.Rect mLastBaseContentInsets -> r
    android.graphics.Rect mContentInsets -> s
    android.graphics.Rect mBaseInnerInsets -> t
    android.graphics.Rect mLastBaseInnerInsets -> u
    android.graphics.Rect mInnerInsets -> v
    android.graphics.Rect mLastInnerInsets -> w
    android.support.v7.widget.ActionBarOverlayLayout$ActionBarVisibilityCallback mActionBarVisibilityCallback -> x
    android.widget.OverScroller mFlingEstimator -> y
    android.view.ViewPropertyAnimator mCurrentActionBarTopAnimator -> c
    android.animation.AnimatorListenerAdapter mTopAnimatorListener -> d
    java.lang.Runnable mRemoveActionBarHideOffset -> z
    java.lang.Runnable mAddActionBarHideOffset -> A
    int[] ATTRS -> e
android.support.v7.widget.ActionBarOverlayLayout$1 -> android.support.v7.widget.ActionBarOverlayLayout$1:
    android.support.v7.widget.ActionBarOverlayLayout this$0 -> a
    void <init>(android.support.v7.widget.ActionBarOverlayLayout) -> <init>
    void onAnimationEnd(android.animation.Animator) -> onAnimationEnd
    void onAnimationCancel(android.animation.Animator) -> onAnimationCancel