randompicker/build/outputs/mapping/release/usage.txt
com.basicapp.randompicker.BuildConfig
com.basicapp.randompicker.MainActivity:
    private java.util.HashMap _$_findViewCache
    public android.view.View _$_findCachedViewById(int)
    public void _$_clearFindViewByIdCache()
com.basicapp.randompicker.MainActivityKt
com.basicapp.randompicker.R
com.basicapp.randompicker.R$anim
com.basicapp.randompicker.R$attr
com.basicapp.randompicker.R$bool
com.basicapp.randompicker.R$color
com.basicapp.randompicker.R$dimen
com.basicapp.randompicker.R$drawable
com.basicapp.randompicker.R$id
com.basicapp.randompicker.R$integer
com.basicapp.randompicker.R$layout
com.basicapp.randompicker.R$string
com.basicapp.randompicker.R$style
com.basicapp.randompicker.R$styleable
com.basicapp.randompicker.R$xml
...
kotlin.sequences.DropTakeSequence:
    public abstract kotlin.sequences.Sequence take(int)
kotlin.sequences.DropWhileSequence
kotlin.sequences.DropWhileSequence$iterator$1
kotlin.sequences.EmptySequence:
    45:45:public kotlin.sequences.EmptySequence take(int)
    42:42:public bridge synthetic kotlin.sequences.Sequence take(int)
kotlin.sequences.FilteringSequence:
    121:121:public synthetic FilteringSequence(kotlin.sequences.Sequence,boolean,kotlin.jvm.functions.Function1,int,kotlin.jvm.internal.DefaultConstructorMarker)
kotlin.sequences.FilteringSequence$iterator$1:
    126:126:public final java.util.Iterator getIterator()
    127:127:public final int getNextState()
    127:127:public final void setNextState(int)
    128:128:public final java.lang.Object getNextItem()
    128:128:public final void setNextItem(java.lang.Object)
kotlin.sequences.FlatteningSequence$iterator$1:
    255:255:public final java.util.Iterator getIterator()
    256:256:public final java.util.Iterator getItemIterator()
    256:256:public final void setItemIterator(java.util.Iterator)
kotlin.sequences.GeneratorSequence$iterator$1:
    540:540:public final java.lang.Object getNextItem()
    540:540:public final void setNextItem(java.lang.Object)
    541:541:public final int getNextState()
    541:541:public final void setNextState(int)
kotlin.sequences.IndexingSequence
kotlin.sequences.IndexingSequence$iterator$1
kotlin.sequences.MergingSequence
kotlin.sequences.MergingSequence$iterator$1
kotlin.sequences.SequenceBuilderIterator
kotlin.sequences.SequenceScope
kotlin.sequences.SequencesKt:
    private SequencesKt()
kotlin.sequences.SequencesKt__SequenceBuilderKt:
    private static final int State_NotReady
    private static final int State_ManyNotReady
    private static final int State_ManyReady
    private static final int State_Ready
    private static final int State_Done
    private static final int State_Failed
    25:25:public static final kotlin.sequences.Sequence sequence(kotlin.jvm.functions.Function2)
    30:30:private static final kotlin.sequences.Sequence buildSequence(kotlin.jvm.functions.Function2)
    40:42:public static final java.util.Iterator iterator(kotlin.jvm.functions.Function2)
    48:48:private static final java.util.Iterator buildIterator(kotlin.jvm.functions.Function2)
    public static synthetic void SequenceBuilder$annotations()
    public SequencesKt__SequenceBuilderKt()
kotlin.sequences.SequencesKt__SequenceBuilderKt$buildSequence$$inlined$Sequence$1
kotlin.sequences.SequencesKt__SequenceBuilderKt$sequence$$inlined$Sequence$1
kotlin.sequences.SequencesKt__SequencesJVMKt:
    16:16:private static final kotlin.sequences.Sequence asSequence(java.util.Enumeration)
    public SequencesKt__SequencesJVMKt()
kotlin.sequences.SequencesKt__SequencesKt:
    19:21:private static final kotlin.sequences.Sequence Sequence(kotlin.jvm.functions.Function0)
    28:28:public static final kotlin.sequences.Sequence asSequence(java.util.Iterator)
    54:54:private static final kotlin.sequences.Sequence orEmpty(kotlin.sequences.Sequence)
    64:71:public static final kotlin.sequences.Sequence ifEmpty(kotlin.sequences.Sequence,kotlin.jvm.functions.Function0)
    86:86:public static final kotlin.sequences.Sequence flattenSequenceOfIterable(kotlin.sequences.Sequence)
    103:109:public static final kotlin.Pair unzip(kotlin.sequences.Sequence)
    631:631:public static final kotlin.sequences.Sequence generateSequence(kotlin.jvm.functions.Function0,kotlin.jvm.functions.Function1)
    public SequencesKt__SequencesKt()
kotlin.sequences.SequencesKt__SequencesKt$Sequence$1
kotlin.sequences.SequencesKt__SequencesKt$asSequence$$inlined$Sequence$1
kotlin.sequences.SequencesKt__SequencesKt$flatten$2
kotlin.sequences.SequencesKt__SequencesKt$ifEmpty$1